<?xml version="1.0" encoding="UTF-8"?>
<!-- Generated by org.testng.reporters.JUnitXMLReporter -->
<testsuite hostname="DIPL-5CG706063P-14" ignored="1" name="Hub Spot Functional Regression Test" tests="11" failures="0" timestamp="2020-02-21T13:07:51 IST" time="99.613" errors="0">
  <testcase name="verifyLoginPageTitleTest" time="0.207" classname="com.qa.hubspot.tests.LoginPageTest"/>
  <testcase name="TiELogoTest" time="0.919" classname="com.qa.hubspot.tests.LoginPageTest"/>
  <testcase name="verifySignUpLinkTest" time="0.732" classname="com.qa.hubspot.tests.LoginPageTest"/>
  <testcase name="verifyTermsAndConditionLinkTest" time="0.757" classname="com.qa.hubspot.tests.LoginPageTest"/>
  <testcase name="verifyPrivacyPolicyLinkTest" time="0.719" classname="com.qa.hubspot.tests.LoginPageTest"/>
  <testcase name="verifyResetPassLinkTest" time="0.678" classname="com.qa.hubspot.tests.LoginPageTest"/>
  <testcase name="VerifyregisterWithBusinessAccountTest" time="7.323" classname="com.qa.hubspot.tests.LoginPageTest"/>
  <testcase name="VerifyregisterWithAccountantUserTest" time="7.18" classname="com.qa.hubspot.tests.LoginPageTest"/>
  <testcase name="VerifyregisterWithOwnerAssistantTest" time="6.577" classname="com.qa.hubspot.tests.LoginPageTest"/>
  <testcase name="doPasswordResetTest" time="34.337" classname="com.qa.hubspot.tests.LoginPageTest"/>
  <testcase name="loginTest" time="6.528" classname="com.qa.hubspot.tests.LoginPageTest"/>
  <testcase name="login_InvalidTestCases" time="0.0" classname="com.qa.hubspot.tests.LoginPageTest">
    <ignored/>
  </testcase> <!-- login_InvalidTestCases -->
</testsuite> <!-- Hub Spot Functional Regression Test -->
