<?xml version="1.0" encoding="UTF-8"?>
<!-- Generated by org.testng.reporters.JUnitXMLReporter -->
<testsuite hostname="DIPL-5CG706063P-14" ignored="1" name="Hub Spot Functional Regression Test- FF" tests="22" failures="0" timestamp="2020-02-21T13:27:07 IST" time="115.177" errors="0">
  <testcase name="verifyLoginPageTitleTest" time="0.089" classname="com.qa.hubspot.tests.LoginPageTest"/>
  <testcase name="TiELogoTest" time="0.988" classname="com.qa.hubspot.tests.LoginPageTest"/>
  <testcase name="verifySignUpLinkTest" time="0.696" classname="com.qa.hubspot.tests.LoginPageTest"/>
  <testcase name="verifyTermsAndConditionLinkTest" time="0.727" classname="com.qa.hubspot.tests.LoginPageTest"/>
  <testcase name="verifyPrivacyPolicyLinkTest" time="0.953" classname="com.qa.hubspot.tests.LoginPageTest"/>
  <testcase name="verifyLoginPageTitleTest" time="0.047" classname="com.qa.hubspot.tests.LoginPageTest"/>
  <testcase name="verifyResetPassLinkTest" time="0.72" classname="com.qa.hubspot.tests.LoginPageTest"/>
  <testcase name="TiELogoTest" time="0.767" classname="com.qa.hubspot.tests.LoginPageTest"/>
  <testcase name="verifySignUpLinkTest" time="0.752" classname="com.qa.hubspot.tests.LoginPageTest"/>
  <testcase name="verifyTermsAndConditionLinkTest" time="0.804" classname="com.qa.hubspot.tests.LoginPageTest"/>
  <testcase name="verifyPrivacyPolicyLinkTest" time="0.863" classname="com.qa.hubspot.tests.LoginPageTest"/>
  <testcase name="verifyResetPassLinkTest" time="0.797" classname="com.qa.hubspot.tests.LoginPageTest"/>
  <testcase name="VerifyregisterWithBusinessAccountTest" time="7.927" classname="com.qa.hubspot.tests.LoginPageTest"/>
  <testcase name="VerifyregisterWithBusinessAccountTest" time="6.955" classname="com.qa.hubspot.tests.LoginPageTest"/>
  <testcase name="VerifyregisterWithAccountantUserTest" time="7.133" classname="com.qa.hubspot.tests.LoginPageTest"/>
  <testcase name="VerifyregisterWithAccountantUserTest" time="6.686" classname="com.qa.hubspot.tests.LoginPageTest"/>
  <testcase name="VerifyregisterWithOwnerAssistantTest" time="7.311" classname="com.qa.hubspot.tests.LoginPageTest"/>
  <testcase name="VerifyregisterWithOwnerAssistantTest" time="6.52" classname="com.qa.hubspot.tests.LoginPageTest"/>
  <testcase name="doPasswordResetTest" time="34.62" classname="com.qa.hubspot.tests.LoginPageTest"/>
  <testcase name="doPasswordResetTest" time="34.992" classname="com.qa.hubspot.tests.LoginPageTest"/>
  <testcase name="loginTest" time="6.574" classname="com.qa.hubspot.tests.LoginPageTest"/>
  <testcase name="loginTest" time="6.149" classname="com.qa.hubspot.tests.LoginPageTest"/>
  <testcase name="login_InvalidTestCases" time="0.0" classname="com.qa.hubspot.tests.LoginPageTest">
    <ignored/>
  </testcase> <!-- login_InvalidTestCases -->
</testsuite> <!-- Hub Spot Functional Regression Test- FF -->
