<?xml version="1.0" encoding="UTF-8"?>
<!-- Generated by org.testng.reporters.JUnitXMLReporter -->
<testsuite hostname="DIPL-5CG706063P-14" ignored="1" name="Hub Spot Functional Regression Test - chrome" tests="7" failures="0" timestamp="2020-02-21T12:42:12 IST" time="33.131" errors="0">
  <testcase name="verifyLoginPageTitleTest" time="0.03" classname="com.qa.hubspot.tests.LoginPageTest"/>
  <testcase name="TiELogoTest" time="0.754" classname="com.qa.hubspot.tests.LoginPageTest"/>
  <testcase name="verifySignUpLinkTest" time="0.795" classname="com.qa.hubspot.tests.LoginPageTest"/>
  <testcase name="verifyTermsAndConditionLinkTest" time="0.684" classname="com.qa.hubspot.tests.LoginPageTest"/>
  <testcase name="verifyPrivacyPolicyLinkTest" time="0.713" classname="com.qa.hubspot.tests.LoginPageTest"/>
  <testcase name="verifyResetPassLinkTest" time="0.661" classname="com.qa.hubspot.tests.LoginPageTest"/>
  <testcase name="loginTest" time="6.915" classname="com.qa.hubspot.tests.LoginPageTest"/>
  <testcase name="login_InvalidTestCases" time="0.0" classname="com.qa.hubspot.tests.LoginPageTest">
    <ignored/>
  </testcase> <!-- login_InvalidTestCases -->
</testsuite> <!-- Hub Spot Functional Regression Test - chrome -->
