<?xml version="1.0" encoding="UTF-8"?>
<!-- Generated by org.testng.reporters.JUnitXMLReporter -->
<testsuite hostname="DIPL-5CG706063P-14" ignored="1" name="Hub Spot Functional Regression Test - FF" tests="7" failures="0" timestamp="2020-02-21T12:41:39 IST" time="52.742" errors="0">
  <testcase name="verifyLoginPageTitleTest" time="0.106" classname="com.qa.hubspot.tests.LoginPageTest"/>
  <testcase name="TiELogoTest" time="1.121" classname="com.qa.hubspot.tests.LoginPageTest"/>
  <testcase name="verifySignUpLinkTest" time="0.836" classname="com.qa.hubspot.tests.LoginPageTest"/>
  <testcase name="verifyTermsAndConditionLinkTest" time="0.746" classname="com.qa.hubspot.tests.LoginPageTest"/>
  <testcase name="verifyPrivacyPolicyLinkTest" time="0.719" classname="com.qa.hubspot.tests.LoginPageTest"/>
  <testcase name="verifyResetPassLinkTest" time="0.739" classname="com.qa.hubspot.tests.LoginPageTest"/>
  <testcase name="loginTest" time="7.325" classname="com.qa.hubspot.tests.LoginPageTest"/>
  <testcase name="login_InvalidTestCases" time="0.0" classname="com.qa.hubspot.tests.LoginPageTest">
    <ignored/>
  </testcase> <!-- login_InvalidTestCases -->
</testsuite> <!-- Hub Spot Functional Regression Test - FF -->
