<?xml version="1.0" encoding="UTF-8"?>
<!-- Generated by org.testng.reporters.JUnitXMLReporter -->
<testsuite hostname="DIPL-5CG706063P-14" ignored="0" name="Default test" tests="11" failures="0" timestamp="2020-02-20T13:10:52 IST" time="98.157" errors="0">
  <testcase name="verifyLoginPageTitleTest" time="0.27" classname="com.tie.Tests.LoginPageTest"/>
  <testcase name="TiELogoTest" time="0.584" classname="com.tie.Tests.LoginPageTest"/>
  <testcase name="verifySignUpLinkTest" time="0.286" classname="com.tie.Tests.LoginPageTest"/>
  <testcase name="verifyisForgotPasswordExistsTest" time="0.138" classname="com.tie.Tests.LoginPageTest"/>
  <testcase name="VerifyTearmAndServiceLinkExistsTest" time="0.12" classname="com.tie.Tests.LoginPageTest"/>
  <testcase name="verifyisPrivacyPolicyLinkExistsTest" time="0.238" classname="com.tie.Tests.LoginPageTest"/>
  <testcase name="VerifyregisterWithBusinessAccountTest" time="6.599" classname="com.tie.Tests.LoginPageTest"/>
  <testcase name="VerifyregisterWithAccountantUserTest" time="6.423" classname="com.tie.Tests.LoginPageTest"/>
  <testcase name="VerifyregisterWithOwnerAssistantTest" time="6.461" classname="com.tie.Tests.LoginPageTest"/>
  <testcase name="doPasswordResetTest" time="34.193" classname="com.tie.Tests.LoginPageTest"/>
  <testcase name="verifyLoginTest" time="6.337" classname="com.tie.Tests.LoginPageTest"/>
</testsuite> <!-- Default test -->
