<?xml version="1.0" encoding="UTF-8"?>
<!-- Generated by org.testng.reporters.JUnitXMLReporter -->
<testsuite hostname="DIPL-5CG706063P-14" ignored="0" name="Test" tests="25" failures="0" timestamp="2020-02-20T13:33:47 IST" time="164.187" errors="0">
  <testcase name="verifyLoginPageTitleTest" time="0.152" classname="com.tie.Tests.LoginPageTest"/>
  <testcase name="TiELogoTest" time="0.289" classname="com.tie.Tests.LoginPageTest"/>
  <testcase name="verifySignUpLinkTest" time="0.17" classname="com.tie.Tests.LoginPageTest"/>
  <testcase name="verifyisForgotPasswordExistsTest" time="0.105" classname="com.tie.Tests.LoginPageTest"/>
  <testcase name="VerifyTearmAndServiceLinkExistsTest" time="0.077" classname="com.tie.Tests.LoginPageTest"/>
  <testcase name="verifyisPrivacyPolicyLinkExistsTest" time="0.093" classname="com.tie.Tests.LoginPageTest"/>
  <testcase name="VerifyregisterWithBusinessAccountTest" time="6.409" classname="com.tie.Tests.LoginPageTest"/>
  <testcase name="VerifyregisterWithAccountantUserTest" time="6.15" classname="com.tie.Tests.LoginPageTest"/>
  <testcase name="VerifyregisterWithOwnerAssistantTest" time="6.126" classname="com.tie.Tests.LoginPageTest"/>
  <testcase name="doPasswordResetTest" time="34.093" classname="com.tie.Tests.LoginPageTest"/>
  <testcase name="verifyLoginTest" time="5.825" classname="com.tie.Tests.LoginPageTest"/>
  <testcase name="verifySalesTabTest" time="0.085" classname="com.tie.Tests.DashboardPageTest"/>
  <testcase name="verifyPayBillsTabTest" time="0.059" classname="com.tie.Tests.DashboardPageTest"/>
  <testcase name="verifyCompanytNameTest" time="0.091" classname="com.tie.Tests.DashboardPageTest"/>
  <testcase name="verifySalesParentTabTest" time="0.057" classname="com.tie.Tests.DashboardPageTest"/>
  <testcase name="veriyPayBillsOverviewTabTest" time="3.234" classname="com.tie.Tests.DashboardPageTest"/>
  <testcase name="veriyBillsMenuTabTest" time="3.214" classname="com.tie.Tests.DashboardPageTest"/>
  <testcase name="veriyVendorMenuTabTest" time="3.226" classname="com.tie.Tests.DashboardPageTest"/>
  <testcase name="veriyPayBillsTransactionMenuTabTest" time="3.285" classname="com.tie.Tests.DashboardPageTest"/>
  <testcase name="veriyPayBillsReportMenuTabTest" time="3.272" classname="com.tie.Tests.DashboardPageTest"/>
  <testcase name="veriySalesOverviewTabTest" time="3.216" classname="com.tie.Tests.DashboardPageTest"/>
  <testcase name="veriyCustomerTabTest" time="3.241" classname="com.tie.Tests.DashboardPageTest"/>
  <testcase name="veriyInvoiceMenuTabTest" time="3.264" classname="com.tie.Tests.DashboardPageTest"/>
  <testcase name="veriySalesTransactiomTabTest" time="3.319" classname="com.tie.Tests.DashboardPageTest"/>
  <testcase name="veriySalesReportTabTest" time="3.293" classname="com.tie.Tests.DashboardPageTest"/>
</testsuite> <!-- Test -->
