<?xml version="1.0" encoding="UTF-8"?>
<!-- Generated by org.testng.reporters.JUnitXMLReporter -->
<testsuite hostname="DIPL-5CG706063P-14" ignored="0" name="TiE Functional Regression Test" tests="3" failures="3" timestamp="2020-03-17T12:01:38 IST" time="42.643" errors="0">
  <testcase name="verifyAllSubMenuClickkableTest" time="0.151" classname="com.qa.tie.tests.InvoicePageTest">
    <failure type="java.lang.NullPointerException">
      <![CDATA[java.lang.NullPointerException
at com.qa.tie.tests.InvoicePageTest.verifyAllSubMenuClickkableTest(InvoicePageTest.java:60)
at java.util.ArrayList.forEach(Unknown Source)
... Removed 27 stack frames]]>
    </failure>
  </testcase> <!-- verifyAllSubMenuClickkableTest -->
  <testcase name="FilterInvoiceWithCustomerTest" time="0.007" classname="com.qa.tie.tests.InvoicePageTest">
    <failure type="java.lang.NullPointerException">
      <![CDATA[java.lang.NullPointerException
at com.qa.tie.tests.InvoicePageTest.FilterInvoiceWithCustomerTest(InvoicePageTest.java:65)
at java.util.ArrayList.forEach(Unknown Source)
... Removed 27 stack frames]]>
    </failure>
  </testcase> <!-- FilterInvoiceWithCustomerTest -->
  <testcase name="verifyAllHeaderTest" time="0.006" classname="com.qa.tie.tests.InvoicePageTest">
    <failure type="java.lang.NullPointerException">
      <![CDATA[java.lang.NullPointerException
at com.qa.tie.tests.InvoicePageTest.verifyAllHeaderTest(InvoicePageTest.java:70)
at java.util.ArrayList.forEach(Unknown Source)
... Removed 27 stack frames]]>
    </failure>
  </testcase> <!-- verifyAllHeaderTest -->
</testsuite> <!-- TiE Functional Regression Test -->
