<?xml version="1.0" encoding="UTF-8"?>
<!-- Generated by org.testng.reporters.JUnitXMLReporter -->
<testsuite hostname="DIPL-5CG706063P-14" ignored="1" name="TiE Functional Regression Test- FF" tests="54" failures="0" timestamp="2020-02-21T16:23:04 IST" time="175.177" errors="0">
  <testcase name="verifyLoginPageTitleTest" time="0.121" classname="com.qa.tie.tests.LoginPageTest"/>
  <testcase name="verifyHomePageTitleTest" time="0.353" classname="com.qa.tie.tests.HomePageTest"/>
  <testcase name="TiELogoTest" time="1.236" classname="com.qa.tie.tests.LoginPageTest"/>
  <testcase name="verifyHomePageHeaderTest" time="1.235" classname="com.qa.tie.tests.HomePageTest"/>
  <testcase name="verifySignUpLinkTest" time="0.912" classname="com.qa.tie.tests.LoginPageTest"/>
  <testcase name="verifyLoggedInUserTest" time="0.73" classname="com.qa.tie.tests.HomePageTest"/>
  <testcase name="verifyTermsAndConditionLinkTest" time="0.782" classname="com.qa.tie.tests.LoginPageTest"/>
  <testcase name="verifySalesTabTest" time="0.759" classname="com.qa.tie.tests.HomePageTest"/>
  <testcase name="verifyPrivacyPolicyLinkTest" time="0.787" classname="com.qa.tie.tests.LoginPageTest"/>
  <testcase name="verifyPayBillsTabTest" time="0.779" classname="com.qa.tie.tests.HomePageTest"/>
  <testcase name="verifySalesParentTabTest" time="0.704" classname="com.qa.tie.tests.HomePageTest"/>
  <testcase name="verifyResetPassLinkTest" time="0.739" classname="com.qa.tie.tests.LoginPageTest"/>
  <testcase name="veriyPayBillsOverviewTabTest" time="3.587" classname="com.qa.tie.tests.HomePageTest"/>
  <testcase name="veriyBillsMenuTabTest" time="3.438" classname="com.qa.tie.tests.HomePageTest"/>
  <testcase name="verifyHomePageTitleTest" time="0.046" classname="com.qa.tie.tests.HomePageTest"/>
  <testcase name="verifyLoginPageTitleTest" time="0.055" classname="com.qa.tie.tests.LoginPageTest"/>
  <testcase name="veriyVendorMenuTabTest" time="3.691" classname="com.qa.tie.tests.HomePageTest"/>
  <testcase name="verifyHomePageHeaderTest" time="0.819" classname="com.qa.tie.tests.HomePageTest"/>
  <testcase name="TiELogoTest" time="0.92" classname="com.qa.tie.tests.LoginPageTest"/>
  <testcase name="verifyLoggedInUserTest" time="0.669" classname="com.qa.tie.tests.HomePageTest"/>
  <testcase name="verifySignUpLinkTest" time="0.864" classname="com.qa.tie.tests.LoginPageTest"/>
  <testcase name="verifySalesTabTest" time="0.693" classname="com.qa.tie.tests.HomePageTest"/>
  <testcase name="VerifyregisterWithBusinessAccountTest" time="13.077" classname="com.qa.tie.tests.LoginPageTest"/>
  <testcase name="verifyTermsAndConditionLinkTest" time="0.808" classname="com.qa.tie.tests.LoginPageTest"/>
  <testcase name="verifyPayBillsTabTest" time="0.785" classname="com.qa.tie.tests.HomePageTest"/>
  <testcase name="verifyPrivacyPolicyLinkTest" time="0.946" classname="com.qa.tie.tests.LoginPageTest"/>
  <testcase name="verifySalesParentTabTest" time="0.76" classname="com.qa.tie.tests.HomePageTest"/>
  <testcase name="veriyPayBillsTransactionMenuTabTest" time="4.082" classname="com.qa.tie.tests.HomePageTest"/>
  <testcase name="verifyResetPassLinkTest" time="0.937" classname="com.qa.tie.tests.LoginPageTest"/>
  <testcase name="veriyPayBillsOverviewTabTest" time="3.866" classname="com.qa.tie.tests.HomePageTest"/>
  <testcase name="veriyPayBillsReportMenuTabTest" time="4.051" classname="com.qa.tie.tests.HomePageTest"/>
  <testcase name="VerifyregisterWithAccountantUserTest" time="8.892" classname="com.qa.tie.tests.LoginPageTest"/>
  <testcase name="veriyBillsMenuTabTest" time="3.962" classname="com.qa.tie.tests.HomePageTest"/>
  <testcase name="VerifyregisterWithBusinessAccountTest" time="7.377" classname="com.qa.tie.tests.LoginPageTest"/>
  <testcase name="veriySalesOverviewTabTest" time="4.132" classname="com.qa.tie.tests.HomePageTest"/>
  <testcase name="veriyVendorMenuTabTest" time="4.059" classname="com.qa.tie.tests.HomePageTest"/>
  <testcase name="veriyCustomerTabTest" time="3.845" classname="com.qa.tie.tests.HomePageTest"/>
  <testcase name="VerifyregisterWithAccountantUserTest" time="7.397" classname="com.qa.tie.tests.LoginPageTest"/>
  <testcase name="veriyPayBillsTransactionMenuTabTest" time="3.964" classname="com.qa.tie.tests.HomePageTest"/>
  <testcase name="VerifyregisterWithOwnerAssistantTest" time="8.618" classname="com.qa.tie.tests.LoginPageTest"/>
  <testcase name="veriyInvoiceMenuTabTest" time="4.223" classname="com.qa.tie.tests.HomePageTest"/>
  <testcase name="veriyPayBillsReportMenuTabTest" time="3.906" classname="com.qa.tie.tests.HomePageTest"/>
  <testcase name="veriySalesTransactiomTabTest" time="3.9" classname="com.qa.tie.tests.HomePageTest"/>
  <testcase name="VerifyregisterWithOwnerAssistantTest" time="7.245" classname="com.qa.tie.tests.LoginPageTest"/>
  <testcase name="veriySalesOverviewTabTest" time="3.85" classname="com.qa.tie.tests.HomePageTest"/>
  <testcase name="veriySalesReportTabTest" time="4.043" classname="com.qa.tie.tests.HomePageTest"/>
  <testcase name="veriyCustomerTabTest" time="3.62" classname="com.qa.tie.tests.HomePageTest"/>
  <testcase name="veriyInvoiceMenuTabTest" time="3.66" classname="com.qa.tie.tests.HomePageTest"/>
  <testcase name="veriySalesTransactiomTabTest" time="3.736" classname="com.qa.tie.tests.HomePageTest"/>
  <testcase name="veriySalesReportTabTest" time="3.656" classname="com.qa.tie.tests.HomePageTest"/>
  <testcase name="doPasswordResetTest" time="35.329" classname="com.qa.tie.tests.LoginPageTest"/>
  <testcase name="doPasswordResetTest" time="35.19" classname="com.qa.tie.tests.LoginPageTest"/>
  <testcase name="loginTest" time="7.097" classname="com.qa.tie.tests.LoginPageTest"/>
  <testcase name="loginTest" time="6.511" classname="com.qa.tie.tests.LoginPageTest"/>
  <testcase name="login_InvalidTestCases" time="0.0" classname="com.qa.tie.tests.LoginPageTest">
    <ignored/>
  </testcase> <!-- login_InvalidTestCases -->
</testsuite> <!-- TiE Functional Regression Test- FF -->
