<?xml version="1.0" encoding="UTF-8"?>
<testng-results skipped="0" failed="0" ignored="0" total="25" passed="25">
  <reporter-output>
    <line>
      <![CDATA[Test started--> verifyLoginPageTitleTest
]]>
    </line>
    <line>
      <![CDATA[login page title is: TIE Accounting]]>
    </line>
    <line>
      <![CDATA[Test ended--> verifyLoginPageTitleTest]]>
    </line>
    <line>
      <![CDATA[Test started--> verifyLogoTest
]]>
    </line>
    <line>
      <![CDATA[Test ended--> verifyLogoTest]]>
    </line>
  </reporter-output>
  <suite name="Suite" duration-ms="164187" started-at="2020-02-20T13:31:02 IST" finished-at="2020-02-20T13:33:47 IST">
    <groups>
    </groups>
    <test name="Test" duration-ms="164187" started-at="2020-02-20T13:31:02 IST" finished-at="2020-02-20T13:33:47 IST">
      <class name="com.tie.Tests.LoginPageTest">
        <test-method status="PASS" signature="setUp()[pri:0, instance:com.tie.Tests.LoginPageTest@532721fd]" name="setUp" is-config="true" duration-ms="23935" started-at="2020-02-20T13:31:48 IST" finished-at="2020-02-20T13:32:12 IST">
          <reporter-output>
          </reporter-output>
        </test-method> <!-- setUp -->
        <test-method status="PASS" signature="verifyLoginPageTitleTest()[pri:1, instance:com.tie.Tests.LoginPageTest@532721fd]" name="verifyLoginPageTitleTest" duration-ms="152" started-at="2020-02-20T13:32:12 IST" description="verifying login page title" finished-at="2020-02-20T13:32:12 IST">
          <reporter-output>
            <line>
              <![CDATA[Test started--> verifyLoginPageTitleTest
]]>
            </line>
            <line>
              <![CDATA[login page title is: TIE Accounting]]>
            </line>
            <line>
              <![CDATA[Test ended--> verifyLoginPageTitleTest]]>
            </line>
          </reporter-output>
        </test-method> <!-- verifyLoginPageTitleTest -->
        <test-method status="PASS" signature="TiELogoTest()[pri:2, instance:com.tie.Tests.LoginPageTest@532721fd]" name="TiELogoTest" duration-ms="289" started-at="2020-02-20T13:32:13 IST" description="Check logo is persent or not?" finished-at="2020-02-20T13:32:13 IST">
          <reporter-output>
            <line>
              <![CDATA[Test started--> verifyLogoTest
]]>
            </line>
            <line>
              <![CDATA[Test ended--> verifyLogoTest]]>
            </line>
          </reporter-output>
        </test-method> <!-- TiELogoTest -->
        <test-method status="PASS" signature="verifySignUpLinkTest()[pri:3, instance:com.tie.Tests.LoginPageTest@532721fd]" name="verifySignUpLinkTest" duration-ms="170" started-at="2020-02-20T13:32:13 IST" description="verifying signup link is Available on Login Page." finished-at="2020-02-20T13:32:13 IST">
          <reporter-output>
          </reporter-output>
        </test-method> <!-- verifySignUpLinkTest -->
        <test-method status="PASS" signature="verifyisForgotPasswordExistsTest()[pri:4, instance:com.tie.Tests.LoginPageTest@532721fd]" name="verifyisForgotPasswordExistsTest" duration-ms="105" started-at="2020-02-20T13:32:13 IST" description="verifying forgot password link is Available on Login Page." finished-at="2020-02-20T13:32:13 IST">
          <reporter-output>
          </reporter-output>
        </test-method> <!-- verifyisForgotPasswordExistsTest -->
        <test-method status="PASS" signature="VerifyTearmAndServiceLinkExistsTest()[pri:5, instance:com.tie.Tests.LoginPageTest@532721fd]" name="VerifyTearmAndServiceLinkExistsTest" duration-ms="77" started-at="2020-02-20T13:32:13 IST" description="verifying Tearm And Service link is Available on Login Page." finished-at="2020-02-20T13:32:13 IST">
          <reporter-output>
          </reporter-output>
        </test-method> <!-- VerifyTearmAndServiceLinkExistsTest -->
        <test-method status="PASS" signature="verifyisPrivacyPolicyLinkExistsTest()[pri:6, instance:com.tie.Tests.LoginPageTest@532721fd]" name="verifyisPrivacyPolicyLinkExistsTest" duration-ms="93" started-at="2020-02-20T13:32:13 IST" description="verifying Privacy Policy link is Available on Login Page." finished-at="2020-02-20T13:32:13 IST">
          <reporter-output>
          </reporter-output>
        </test-method> <!-- verifyisPrivacyPolicyLinkExistsTest -->
        <test-method status="PASS" signature="VerifyregisterWithBusinessAccountTest()[pri:7, instance:com.tie.Tests.LoginPageTest@532721fd]" name="VerifyregisterWithBusinessAccountTest" duration-ms="6409" started-at="2020-02-20T13:32:13 IST" description="User should be able to Register with Business Account...." finished-at="2020-02-20T13:32:20 IST">
          <reporter-output>
          </reporter-output>
        </test-method> <!-- VerifyregisterWithBusinessAccountTest -->
        <test-method status="PASS" signature="VerifyregisterWithAccountantUserTest()[pri:8, instance:com.tie.Tests.LoginPageTest@532721fd]" name="VerifyregisterWithAccountantUserTest" duration-ms="6150" started-at="2020-02-20T13:32:20 IST" description="User should be able to Register with Accountant User...." finished-at="2020-02-20T13:32:26 IST">
          <reporter-output>
          </reporter-output>
        </test-method> <!-- VerifyregisterWithAccountantUserTest -->
        <test-method status="PASS" signature="VerifyregisterWithOwnerAssistantTest()[pri:9, instance:com.tie.Tests.LoginPageTest@532721fd]" name="VerifyregisterWithOwnerAssistantTest" duration-ms="6126" started-at="2020-02-20T13:32:26 IST" description="User should be able to Register with Owner Assistant...." finished-at="2020-02-20T13:32:32 IST">
          <reporter-output>
          </reporter-output>
        </test-method> <!-- VerifyregisterWithOwnerAssistantTest -->
        <test-method status="PASS" signature="doPasswordResetTest()[pri:10, instance:com.tie.Tests.LoginPageTest@532721fd]" name="doPasswordResetTest" duration-ms="34093" started-at="2020-02-20T13:32:32 IST" description="To check that the forgot password link redirected to the forgot password page." finished-at="2020-02-20T13:33:06 IST">
          <reporter-output>
          </reporter-output>
        </test-method> <!-- doPasswordResetTest -->
        <test-method status="PASS" signature="verifyLoginTest()[pri:11, instance:com.tie.Tests.LoginPageTest@532721fd]" name="verifyLoginTest" duration-ms="5825" started-at="2020-02-20T13:33:06 IST" description="Verify that User is able to Login with Valid Credentials" finished-at="2020-02-20T13:33:12 IST">
          <reporter-output>
          </reporter-output>
        </test-method> <!-- verifyLoginTest -->
        <test-method status="PASS" signature="quitBrowser()[pri:0, instance:com.tie.Tests.LoginPageTest@532721fd]" name="quitBrowser" is-config="true" duration-ms="725" started-at="2020-02-20T13:33:46 IST" finished-at="2020-02-20T13:33:47 IST">
          <reporter-output>
          </reporter-output>
        </test-method> <!-- quitBrowser -->
      </class> <!-- com.tie.Tests.LoginPageTest -->
      <class name="com.tie.Tests.DashboardPageTest">
        <test-method status="PASS" signature="setUp()[pri:0, instance:com.tie.Tests.DashboardPageTest@410954b]" name="setUp" is-config="true" duration-ms="45696" started-at="2020-02-20T13:31:02 IST" finished-at="2020-02-20T13:31:48 IST">
          <reporter-output>
          </reporter-output>
        </test-method> <!-- setUp -->
        <test-method status="PASS" signature="verifySalesTabTest()[pri:1, instance:com.tie.Tests.DashboardPageTest@410954b]" name="verifySalesTabTest" duration-ms="85" started-at="2020-02-20T13:33:12 IST" description="verifying Sales Tab is Dispaying" finished-at="2020-02-20T13:33:12 IST">
          <reporter-output>
          </reporter-output>
        </test-method> <!-- verifySalesTabTest -->
        <test-method status="PASS" signature="verifyPayBillsTabTest()[pri:2, instance:com.tie.Tests.DashboardPageTest@410954b]" name="verifyPayBillsTabTest" duration-ms="59" started-at="2020-02-20T13:33:12 IST" description="Pay Bills Button Test..." finished-at="2020-02-20T13:33:12 IST">
          <reporter-output>
          </reporter-output>
        </test-method> <!-- verifyPayBillsTabTest -->
        <test-method status="PASS" signature="verifyCompanytNameTest()[pri:3, instance:com.tie.Tests.DashboardPageTest@410954b]" name="verifyCompanytNameTest" duration-ms="91" started-at="2020-02-20T13:33:12 IST" description="Company Name Test..." finished-at="2020-02-20T13:33:12 IST">
          <reporter-output>
          </reporter-output>
        </test-method> <!-- verifyCompanytNameTest -->
        <test-method status="PASS" signature="verifySalesParentTabTest()[pri:4, instance:com.tie.Tests.DashboardPageTest@410954b]" name="verifySalesParentTabTest" duration-ms="57" started-at="2020-02-20T13:33:12 IST" description="Verify Sales Menu...." finished-at="2020-02-20T13:33:12 IST">
          <reporter-output>
          </reporter-output>
        </test-method> <!-- verifySalesParentTabTest -->
        <test-method status="PASS" signature="veriyPayBillsOverviewTabTest()[pri:5, instance:com.tie.Tests.DashboardPageTest@410954b]" name="veriyPayBillsOverviewTabTest" duration-ms="3234" started-at="2020-02-20T13:33:12 IST" description="Verify Pay Bills Menu...." finished-at="2020-02-20T13:33:16 IST">
          <reporter-output>
          </reporter-output>
        </test-method> <!-- veriyPayBillsOverviewTabTest -->
        <test-method status="PASS" signature="veriyBillsMenuTabTest()[pri:6, instance:com.tie.Tests.DashboardPageTest@410954b]" name="veriyBillsMenuTabTest" duration-ms="3214" started-at="2020-02-20T13:33:16 IST" description="Verify Bills Menu under Pay Bills...." finished-at="2020-02-20T13:33:19 IST">
          <reporter-output>
          </reporter-output>
        </test-method> <!-- veriyBillsMenuTabTest -->
        <test-method status="PASS" signature="veriyVendorMenuTabTest()[pri:7, instance:com.tie.Tests.DashboardPageTest@410954b]" name="veriyVendorMenuTabTest" duration-ms="3226" started-at="2020-02-20T13:33:19 IST" description="Verify Vendor Menu under Pay Bills...." finished-at="2020-02-20T13:33:22 IST">
          <reporter-output>
          </reporter-output>
        </test-method> <!-- veriyVendorMenuTabTest -->
        <test-method status="PASS" signature="veriyPayBillsTransactionMenuTabTest()[pri:8, instance:com.tie.Tests.DashboardPageTest@410954b]" name="veriyPayBillsTransactionMenuTabTest" duration-ms="3285" started-at="2020-02-20T13:33:22 IST" description="Verify transaction Menu under Pay Bills...." finished-at="2020-02-20T13:33:25 IST">
          <reporter-output>
          </reporter-output>
        </test-method> <!-- veriyPayBillsTransactionMenuTabTest -->
        <test-method status="PASS" signature="veriyPayBillsReportMenuTabTest()[pri:9, instance:com.tie.Tests.DashboardPageTest@410954b]" name="veriyPayBillsReportMenuTabTest" duration-ms="3272" started-at="2020-02-20T13:33:25 IST" description="Verify reports Menu under Pay Bills...." finished-at="2020-02-20T13:33:29 IST">
          <reporter-output>
          </reporter-output>
        </test-method> <!-- veriyPayBillsReportMenuTabTest -->
        <test-method status="PASS" signature="veriySalesOverviewTabTest()[pri:10, instance:com.tie.Tests.DashboardPageTest@410954b]" name="veriySalesOverviewTabTest" duration-ms="3216" started-at="2020-02-20T13:33:29 IST" description="Verify Overview Menu under Sales...." finished-at="2020-02-20T13:33:32 IST">
          <reporter-output>
          </reporter-output>
        </test-method> <!-- veriySalesOverviewTabTest -->
        <test-method status="PASS" signature="veriyCustomerTabTest()[pri:11, instance:com.tie.Tests.DashboardPageTest@410954b]" name="veriyCustomerTabTest" duration-ms="3241" started-at="2020-02-20T13:33:32 IST" description="Verify Customer Menu under Sales...." finished-at="2020-02-20T13:33:35 IST">
          <reporter-output>
          </reporter-output>
        </test-method> <!-- veriyCustomerTabTest -->
        <test-method status="PASS" signature="veriyInvoiceMenuTabTest()[pri:12, instance:com.tie.Tests.DashboardPageTest@410954b]" name="veriyInvoiceMenuTabTest" duration-ms="3264" started-at="2020-02-20T13:33:35 IST" description="Verify Invoice Menu under Sales...." finished-at="2020-02-20T13:33:38 IST">
          <reporter-output>
          </reporter-output>
        </test-method> <!-- veriyInvoiceMenuTabTest -->
        <test-method status="PASS" signature="veriySalesTransactiomTabTest()[pri:13, instance:com.tie.Tests.DashboardPageTest@410954b]" name="veriySalesTransactiomTabTest" duration-ms="3319" started-at="2020-02-20T13:33:38 IST" description="Verify Transaction Menu under Sales...." finished-at="2020-02-20T13:33:42 IST">
          <reporter-output>
          </reporter-output>
        </test-method> <!-- veriySalesTransactiomTabTest -->
        <test-method status="PASS" signature="veriySalesReportTabTest()[pri:14, instance:com.tie.Tests.DashboardPageTest@410954b]" name="veriySalesReportTabTest" duration-ms="3293" started-at="2020-02-20T13:33:42 IST" description="Verify Reports Menu under Sales...." finished-at="2020-02-20T13:33:45 IST">
          <reporter-output>
          </reporter-output>
        </test-method> <!-- veriySalesReportTabTest -->
        <test-method status="PASS" signature="quitBrowser()[pri:0, instance:com.tie.Tests.DashboardPageTest@410954b]" name="quitBrowser" is-config="true" duration-ms="732" started-at="2020-02-20T13:33:45 IST" finished-at="2020-02-20T13:33:46 IST">
          <reporter-output>
          </reporter-output>
        </test-method> <!-- quitBrowser -->
      </class> <!-- com.tie.Tests.DashboardPageTest -->
    </test> <!-- Test -->
  </suite> <!-- Suite -->
</testng-results>
